2024-11-27 17:42:24 INFO  cic.cs.unb.ca.ifm.Cmd    The out folder does not exist! -> ../../small.csv
2024-11-27 17:43:16 INFO  cic.cs.unb.ca.ifm.Cmd    You select: ../../small.pcap
2024-11-27 17:43:16 INFO  cic.cs.unb.ca.ifm.Cmd    Out folder: ../..
2024-11-27 17:43:16 INFO  cic.cs.unb.ca.ifm.Cmd    CICFlowMeter received 1 pcap file
2024-11-27 17:43:16 DEBUG cic.cs.unb.ca.jnetpcap.FlowGenerator    FlagFIN current has 98 flow
2024-11-27 17:43:16 DEBUG cic.cs.unb.ca.jnetpcap.FlowGenerator    FlagFIN current has 127 flow
2024-11-27 17:43:16 DEBUG cic.cs.unb.ca.jnetpcap.FlowGenerator    FlagFIN current has 160 flow
2024-11-27 17:43:16 DEBUG cic.cs.unb.ca.jnetpcap.FlowGenerator    FlagFIN current has 168 flow
2024-11-27 17:43:16 DEBUG cic.cs.unb.ca.jnetpcap.FlowGenerator    FlagFIN current has 195 flow
2024-11-27 17:43:16 DEBUG cic.cs.unb.ca.jnetpcap.FlowGenerator    FlagFIN current has 196 flow
2024-11-27 17:43:16 DEBUG cic.cs.unb.ca.jnetpcap.FlowGenerator    FlagFIN current has 231 flow
2024-11-27 17:43:16 DEBUG cic.cs.unb.ca.jnetpcap.FlowGenerator    FlagFIN current has 278 flow
2024-11-27 17:43:16 DEBUG cic.cs.unb.ca.jnetpcap.FlowGenerator    FlagFIN current has 402 flow
2024-11-27 17:43:16 DEBUG cic.cs.unb.ca.jnetpcap.FlowGenerator    FlagFIN current has 420 flow
2024-11-27 17:43:16 DEBUG cic.cs.unb.ca.jnetpcap.FlowGenerator    FlagFIN current has 428 flow
2024-11-27 17:43:16 DEBUG cic.cs.unb.ca.jnetpcap.FlowGenerator    FlagFIN current has 449 flow
2024-11-27 17:43:16 DEBUG cic.cs.unb.ca.jnetpcap.FlowGenerator    FlagFIN current has 449 flow
2024-11-27 17:43:16 DEBUG cic.cs.unb.ca.jnetpcap.FlowGenerator    FlagFIN current has 456 flow
2024-11-27 17:43:16 DEBUG cic.cs.unb.ca.jnetpcap.FlowGenerator    FlagFIN current has 467 flow
2024-11-27 17:43:16 DEBUG cic.cs.unb.ca.jnetpcap.FlowGenerator    FlagFIN current has 486 flow
2024-11-27 17:43:16 DEBUG cic.cs.unb.ca.jnetpcap.FlowGenerator    FlagFIN current has 513 flow
2024-11-27 17:43:16 DEBUG cic.cs.unb.ca.jnetpcap.FlowGenerator    FlagFIN current has 585 flow
2024-11-27 17:43:16 DEBUG cic.cs.unb.ca.jnetpcap.FlowGenerator    FlagFIN current has 596 flow
2024-11-27 17:43:16 DEBUG cic.cs.unb.ca.jnetpcap.FlowGenerator    FlagFIN current has 609 flow
2024-11-27 17:43:16 DEBUG cic.cs.unb.ca.jnetpcap.FlowGenerator    FlagFIN current has 613 flow
2024-11-27 17:43:16 DEBUG cic.cs.unb.ca.jnetpcap.FlowGenerator    FlagFIN current has 613 flow
2024-11-27 17:43:16 DEBUG cic.cs.unb.ca.jnetpcap.FlowGenerator    FlagFIN current has 617 flow
2024-11-27 17:43:16 DEBUG cic.cs.unb.ca.jnetpcap.FlowGenerator    FlagFIN current has 619 flow
2024-11-27 17:43:16 DEBUG cic.cs.unb.ca.jnetpcap.FlowGenerator    FlagFIN current has 625 flow
2024-11-27 17:43:16 DEBUG cic.cs.unb.ca.jnetpcap.FlowGenerator    FlagFIN current has 634 flow
2024-11-27 17:43:16 DEBUG cic.cs.unb.ca.jnetpcap.FlowGenerator    FlagFIN current has 642 flow
2024-11-27 17:43:16 DEBUG cic.cs.unb.ca.jnetpcap.FlowGenerator    FlagFIN current has 643 flow
2024-11-27 17:43:16 DEBUG cic.cs.unb.ca.jnetpcap.FlowGenerator    FlagFIN current has 649 flow
2024-11-27 17:43:16 DEBUG cic.cs.unb.ca.jnetpcap.FlowGenerator    FlagFIN current has 652 flow
2024-11-27 17:43:16 DEBUG cic.cs.unb.ca.jnetpcap.FlowGenerator    FlagFIN current has 654 flow
2024-11-27 17:43:16 DEBUG cic.cs.unb.ca.jnetpcap.FlowGenerator    FlagFIN current has 658 flow
2024-11-27 17:43:16 DEBUG cic.cs.unb.ca.jnetpcap.FlowGenerator    FlagFIN current has 658 flow
2024-11-27 17:43:16 DEBUG cic.cs.unb.ca.jnetpcap.FlowGenerator    FlagFIN current has 664 flow
2024-11-27 17:43:16 DEBUG cic.cs.unb.ca.jnetpcap.FlowGenerator    FlagFIN current has 678 flow
2024-11-27 17:43:16 DEBUG cic.cs.unb.ca.jnetpcap.FlowGenerator    FlagFIN current has 688 flow
2024-11-27 17:43:16 DEBUG cic.cs.unb.ca.jnetpcap.FlowGenerator    FlagFIN current has 689 flow
2024-11-27 17:43:16 DEBUG cic.cs.unb.ca.jnetpcap.FlowGenerator    FlagFIN current has 718 flow
2024-11-27 17:43:16 DEBUG cic.cs.unb.ca.jnetpcap.FlowGenerator    FlagFIN current has 752 flow
2024-11-27 17:43:16 DEBUG cic.cs.unb.ca.jnetpcap.FlowGenerator    FlagFIN current has 763 flow
2024-11-27 17:43:16 DEBUG cic.cs.unb.ca.jnetpcap.FlowGenerator    FlagFIN current has 778 flow
2024-11-27 17:43:16 DEBUG cic.cs.unb.ca.jnetpcap.FlowGenerator    FlagFIN current has 809 flow
2024-11-27 17:43:16 DEBUG cic.cs.unb.ca.jnetpcap.FlowGenerator    FlagFIN current has 815 flow
2024-11-27 17:43:16 DEBUG cic.cs.unb.ca.jnetpcap.FlowGenerator    FlagFIN current has 820 flow
2024-11-27 17:43:16 DEBUG cic.cs.unb.ca.jnetpcap.FlowGenerator    FlagFIN current has 838 flow
2024-11-27 17:43:16 DEBUG cic.cs.unb.ca.jnetpcap.FlowGenerator    FlagFIN current has 861 flow
2024-11-27 17:43:16 DEBUG cic.cs.unb.ca.jnetpcap.FlowGenerator    FlagFIN current has 867 flow
2024-11-27 17:43:16 DEBUG cic.cs.unb.ca.jnetpcap.FlowGenerator    FlagFIN current has 889 flow
2024-11-27 17:43:16 DEBUG cic.cs.unb.ca.jnetpcap.FlowGenerator    FlagFIN current has 892 flow
2024-11-27 17:43:16 DEBUG cic.cs.unb.ca.jnetpcap.FlowGenerator    FlagFIN current has 907 flow
2024-11-27 17:43:16 DEBUG cic.cs.unb.ca.jnetpcap.FlowGenerator    FlagFIN current has 917 flow
2024-11-27 17:43:16 DEBUG cic.cs.unb.ca.jnetpcap.FlowGenerator    FlagFIN current has 927 flow
2024-11-27 17:43:16 DEBUG cic.cs.unb.ca.jnetpcap.FlowGenerator    FlagFIN current has 928 flow
2024-11-27 17:43:16 DEBUG cic.cs.unb.ca.jnetpcap.FlowGenerator    FlagFIN current has 945 flow
2024-11-27 17:43:16 DEBUG cic.cs.unb.ca.jnetpcap.FlowGenerator    FlagFIN current has 947 flow
2024-11-27 17:43:16 DEBUG cic.cs.unb.ca.jnetpcap.FlowGenerator    FlagFIN current has 946 flow
2024-11-27 17:43:16 DEBUG cic.cs.unb.ca.jnetpcap.PacketReader    Read All packets on ../../small.pcap
